Added Component: Designator=C1(CAPC1608X90N)
Add component (AddParameter): Name = "Availability"; Value = "Unavailable"; VariantName = "[No Variations]"
Add component (AddParameter): Name = "ChipDip_Link"; Value = "https://www.chipdip.ru/product0/8576565346"; VariantName = "[No Variations]"
Add component (AddParameter): Name = "MF"; Value = "TDK"; VariantName = "[No Variations]"
Add component (AddParameter): Name = "MP"; Value = "C1608X7R1H474K080AC"; VariantName = "[No Variations]"
Add component (AddParameter): Name = "Package"; Value = "0603 (1608) TDK"; VariantName = "[No Variations]"
Add component (AddParameter): Name = "Price"; Value = "None"; VariantName = "[No Variations]"
Add component (AddParameter): Name = "SnapEDA_Link"; Value = "https://www.snapeda.com/parts/C1608X7R1H474K080AC/TDK/view-part/360155/?ref=snap"; VariantName = "[No Variations]"
Add component (AddParameter): Name = "Value"; Value = "0.1µF"; VariantName = "[No Variations]"
Added Component: Designator=C2(CAPC1608X90N)
Add component (AddParameter): Name = "Availability"; Value = "Unavailable"; VariantName = "[No Variations]"
Add component (AddParameter): Name = "ChipDip_Link"; Value = "https://www.chipdip.ru/product0/8576565346"; VariantName = "[No Variations]"
Add component (AddParameter): Name = "MF"; Value = "TDK"; VariantName = "[No Variations]"
Add component (AddParameter): Name = "MP"; Value = "C1608X7R1H474K080AC"; VariantName = "[No Variations]"
Add component (AddParameter): Name = "Package"; Value = "0603 (1608) TDK"; VariantName = "[No Variations]"
Add component (AddParameter): Name = "Price"; Value = "None"; VariantName = "[No Variations]"
Add component (AddParameter): Name = "SnapEDA_Link"; Value = "https://www.snapeda.com/parts/C1608X7R1H474K080AC/TDK/view-part/360155/?ref=snap"; VariantName = "[No Variations]"
Add component (AddParameter): Name = "Value"; Value = "0.1µF"; VariantName = "[No Variations]"
Added Component: Designator=C5(CAPC1608X90N)
Add component (AddParameter): Name = "Availability"; Value = "Unavailable"; VariantName = "[No Variations]"
Add component (AddParameter): Name = "ChipDip_Link"; Value = "https://www.chipdip.ru/product0/8576565346"; VariantName = "[No Variations]"
Add component (AddParameter): Name = "MF"; Value = "TDK"; VariantName = "[No Variations]"
Add component (AddParameter): Name = "MP"; Value = "C1608X7R1H474K080AC"; VariantName = "[No Variations]"
Add component (AddParameter): Name = "Package"; Value = "0603 (1608) TDK"; VariantName = "[No Variations]"
Add component (AddParameter): Name = "Price"; Value = "None"; VariantName = "[No Variations]"
Add component (AddParameter): Name = "SnapEDA_Link"; Value = "https://www.snapeda.com/parts/C1608X7R1H474K080AC/TDK/view-part/360155/?ref=snap"; VariantName = "[No Variations]"
Add component (AddParameter): Name = "Value"; Value = "0.47µF"; VariantName = "[No Variations]"
Added Component: Designator=C6(CAPC1608X90N)
Add component (AddParameter): Name = "Availability"; Value = "Unavailable"; VariantName = "[No Variations]"
Add component (AddParameter): Name = "ChipDip_Link"; Value = "https://www.chipdip.ru/product0/8576565346"; VariantName = "[No Variations]"
Add component (AddParameter): Name = "MF"; Value = "TDK"; VariantName = "[No Variations]"
Add component (AddParameter): Name = "MP"; Value = "C1608X7R1H474K080AC"; VariantName = "[No Variations]"
Add component (AddParameter): Name = "Package"; Value = "0603 (1608) TDK"; VariantName = "[No Variations]"
Add component (AddParameter): Name = "Price"; Value = "None"; VariantName = "[No Variations]"
Add component (AddParameter): Name = "SnapEDA_Link"; Value = "https://www.snapeda.com/parts/C1608X7R1H474K080AC/TDK/view-part/360155/?ref=snap"; VariantName = "[No Variations]"
Add component (AddParameter): Name = "Value"; Value = "0.1µF"; VariantName = "[No Variations]"
Added Component: Designator=C10(CAPC1608X90N)
Add component (AddParameter): Name = "Availability"; Value = "Unavailable"; VariantName = "[No Variations]"
Add component (AddParameter): Name = "ChipDip_Link"; Value = "https://www.chipdip.ru/product0/8576565346"; VariantName = "[No Variations]"
Add component (AddParameter): Name = "MF"; Value = "TDK"; VariantName = "[No Variations]"
Add component (AddParameter): Name = "MP"; Value = "C1608X7R1H474K080AC"; VariantName = "[No Variations]"
Add component (AddParameter): Name = "Package"; Value = "0603 (1608) TDK"; VariantName = "[No Variations]"
Add component (AddParameter): Name = "Price"; Value = "None"; VariantName = "[No Variations]"
Add component (AddParameter): Name = "SnapEDA_Link"; Value = "https://www.snapeda.com/parts/C1608X7R1H474K080AC/TDK/view-part/360155/?ref=snap"; VariantName = "[No Variations]"
Add component (AddParameter): Name = "Value"; Value = "0.1µF"; VariantName = "[No Variations]"
Added Component: Designator=C11(CAPC1608X90N)
Add component (AddParameter): Name = "Availability"; Value = "Unavailable"; VariantName = "[No Variations]"
Add component (AddParameter): Name = "ChipDip_Link"; Value = "https://www.chipdip.ru/product0/8576565346"; VariantName = "[No Variations]"
Add component (AddParameter): Name = "MF"; Value = "TDK"; VariantName = "[No Variations]"
Add component (AddParameter): Name = "MP"; Value = "C1608X7R1H474K080AC"; VariantName = "[No Variations]"
Add component (AddParameter): Name = "Package"; Value = "0603 (1608) TDK"; VariantName = "[No Variations]"
Add component (AddParameter): Name = "Price"; Value = "None"; VariantName = "[No Variations]"
Add component (AddParameter): Name = "SnapEDA_Link"; Value = "https://www.snapeda.com/parts/C1608X7R1H474K080AC/TDK/view-part/360155/?ref=snap"; VariantName = "[No Variations]"
Add component (AddParameter): Name = "Value"; Value = "0.1µF"; VariantName = "[No Variations]"
Added Component: Designator=D1(*LEDM1608X80_LTE-C1906R-14(Primary))
Add component (AddParameter): Name = "ChipDip_Link"; Value = ""; VariantName = "[No Variations]"
Add component (AddParameter): Name = "HelpURL"; Value = ""; VariantName = "[No Variations]"
Add component (AddParameter): Name = "Instructions"; Value = ""; VariantName = "[No Variations]"
Add component (AddParameter): Name = "MF"; Value = ""; VariantName = "[No Variations]"
Add component (AddParameter): Name = "MP"; Value = "LTST-C194KRKT or SML-D12U1WT86"; VariantName = "[No Variations]"
Add component (AddParameter): Name = "Pacage Metric"; Value = ""; VariantName = "[No Variations]"
Add component (AddParameter): Name = "Package"; Value = "0603 Lite-On"; VariantName = "[No Variations]"
Add component (AddParameter): Name = "SnapEDA_Link"; Value = "https://www.snapeda.com/parts/LTE-C1906R-14/Lite-On%20Inc./view-part/?ref=snap"; VariantName = "[No Variations]"
Add component (AddParameter): Name = "System"; Value = ""; VariantName = "[No Variations]"
Add component (AddParameter): Name = "Type"; Value = "SMD"; VariantName = "[No Variations]"
Add component (AddParameter): Name = "Value"; Value = ""; VariantName = "[No Variations]"
Added Component: Designator=D2(*LEDM1608X80_LTE-C1906R-14(Primary))
Add component (AddParameter): Name = "ChipDip_Link"; Value = ""; VariantName = "[No Variations]"
Add component (AddParameter): Name = "HelpURL"; Value = ""; VariantName = "[No Variations]"
Add component (AddParameter): Name = "Instructions"; Value = ""; VariantName = "[No Variations]"
Add component (AddParameter): Name = "MF"; Value = ""; VariantName = "[No Variations]"
Add component (AddParameter): Name = "MP"; Value = "LTST-S270TBKT or  LTST-C194TBKT or LTST-C191TBKT or  SML-D12D1WT86"; VariantName = "[No Variations]"
Add component (AddParameter): Name = "Pacage Metric"; Value = ""; VariantName = "[No Variations]"
Add component (AddParameter): Name = "Package"; Value = "0603 Lite-On"; VariantName = "[No Variations]"
Add component (AddParameter): Name = "SnapEDA_Link"; Value = "https://www.snapeda.com/parts/LTE-C1906R-14/Lite-On%20Inc./view-part/?ref=snap"; VariantName = "[No Variations]"
Add component (AddParameter): Name = "System"; Value = ""; VariantName = "[No Variations]"
Add component (AddParameter): Name = "Type"; Value = "SMD"; VariantName = "[No Variations]"
Add component (AddParameter): Name = "Value"; Value = ""; VariantName = "[No Variations]"
Added Component: Designator=P2(MHDR1X18)
Add component (AddParameter): Name = "LatestRevisionDate"; Value = "17-Jul-2002"; VariantName = "[No Variations]"
Add component (AddParameter): Name = "LatestRevisionNote"; Value = "Re-released for DXP Platform."; VariantName = "[No Variations]"
Add component (AddParameter): Name = "Publisher"; Value = "Altium Limited"; VariantName = "[No Variations]"
Added Component: Designator=P3(MHDR1X18)
Add component (AddParameter): Name = "LatestRevisionDate"; Value = "17-Jul-2002"; VariantName = "[No Variations]"
Add component (AddParameter): Name = "LatestRevisionNote"; Value = "Re-released for DXP Platform."; VariantName = "[No Variations]"
Add component (AddParameter): Name = "Publisher"; Value = "Altium Limited"; VariantName = "[No Variations]"
Added Component: Designator=R1(J1-0603)
Add component (AddParameter): Name = "ChipDip_Link"; Value = ""; VariantName = "[No Variations]"
Add component (AddParameter): Name = "HelpURL"; Value = ""; VariantName = "[No Variations]"
Add component (AddParameter): Name = "Instructions"; Value = ""; VariantName = "[No Variations]"
Add component (AddParameter): Name = "MF"; Value = "Yageo or NXP"; VariantName = "[No Variations]"
Add component (AddParameter): Name = "MP"; Value = "RC0603FR-101KL"; VariantName = "[No Variations]"
Add component (AddParameter): Name = "Pacage Metric"; Value = "1608"; VariantName = "[No Variations]"
Add component (AddParameter): Name = "Package"; Value = "R0603"; VariantName = "[No Variations]"
Add component (AddParameter): Name = "SnapEDA_Link"; Value = "https://www.snapeda.com/parts/RC0603FR-101KL/Yageo/view-part/?ref=search&t=RC0603FR-07%201k"; VariantName = "[No Variations]"
Add component (AddParameter): Name = "System"; Value = ""; VariantName = "[No Variations]"
Add component (AddParameter): Name = "Type"; Value = "SMD"; VariantName = "[No Variations]"
Add component (AddParameter): Name = "Value"; Value = "1M"; VariantName = "[No Variations]"
Added Component: Designator=R2(J1-0603)
Add component (AddParameter): Name = "ChipDip_Link"; Value = ""; VariantName = "[No Variations]"
Add component (AddParameter): Name = "HelpURL"; Value = ""; VariantName = "[No Variations]"
Add component (AddParameter): Name = "Instructions"; Value = ""; VariantName = "[No Variations]"
Add component (AddParameter): Name = "MF"; Value = "Yageo or NXP"; VariantName = "[No Variations]"
Add component (AddParameter): Name = "MP"; Value = "RC0603FR-101KL"; VariantName = "[No Variations]"
Add component (AddParameter): Name = "Pacage Metric"; Value = "1608"; VariantName = "[No Variations]"
Add component (AddParameter): Name = "Package"; Value = "R0603"; VariantName = "[No Variations]"
Add component (AddParameter): Name = "SnapEDA_Link"; Value = "https://www.snapeda.com/parts/RC0603FR-101KL/Yageo/view-part/?ref=search&t=RC0603FR-07%201k"; VariantName = "[No Variations]"
Add component (AddParameter): Name = "System"; Value = ""; VariantName = "[No Variations]"
Add component (AddParameter): Name = "Type"; Value = "SMD"; VariantName = "[No Variations]"
Add component (AddParameter): Name = "Value"; Value = "10k"; VariantName = "[No Variations]"
Added Component: Designator=R3(J1-0603)
Add component (AddParameter): Name = "ChipDip_Link"; Value = ""; VariantName = "[No Variations]"
Add component (AddParameter): Name = "HelpURL"; Value = ""; VariantName = "[No Variations]"
Add component (AddParameter): Name = "Instructions"; Value = ""; VariantName = "[No Variations]"
Add component (AddParameter): Name = "MF"; Value = "Yageo or NXP"; VariantName = "[No Variations]"
Add component (AddParameter): Name = "MP"; Value = "RC0603FR-101KL"; VariantName = "[No Variations]"
Add component (AddParameter): Name = "Pacage Metric"; Value = "1608"; VariantName = "[No Variations]"
Add component (AddParameter): Name = "Package"; Value = "R0603"; VariantName = "[No Variations]"
Add component (AddParameter): Name = "SnapEDA_Link"; Value = "https://www.snapeda.com/parts/RC0603FR-101KL/Yageo/view-part/?ref=search&t=RC0603FR-07%201k"; VariantName = "[No Variations]"
Add component (AddParameter): Name = "System"; Value = ""; VariantName = "[No Variations]"
Add component (AddParameter): Name = "Type"; Value = "SMD"; VariantName = "[No Variations]"
Add component (AddParameter): Name = "Value"; Value = "4.7k"; VariantName = "[No Variations]"
Added Component: Designator=R4(J1-0603)
Add component (AddParameter): Name = "ChipDip_Link"; Value = ""; VariantName = "[No Variations]"
Add component (AddParameter): Name = "HelpURL"; Value = ""; VariantName = "[No Variations]"
Add component (AddParameter): Name = "Instructions"; Value = ""; VariantName = "[No Variations]"
Add component (AddParameter): Name = "MF"; Value = "Yageo or NXP"; VariantName = "[No Variations]"
Add component (AddParameter): Name = "MP"; Value = "RC0603FR-101KL"; VariantName = "[No Variations]"
Add component (AddParameter): Name = "Pacage Metric"; Value = "1608"; VariantName = "[No Variations]"
Add component (AddParameter): Name = "Package"; Value = "R0603"; VariantName = "[No Variations]"
Add component (AddParameter): Name = "SnapEDA_Link"; Value = "https://www.snapeda.com/parts/RC0603FR-101KL/Yageo/view-part/?ref=search&t=RC0603FR-07%201k"; VariantName = "[No Variations]"
Add component (AddParameter): Name = "System"; Value = ""; VariantName = "[No Variations]"
Add component (AddParameter): Name = "Type"; Value = "SMD"; VariantName = "[No Variations]"
Add component (AddParameter): Name = "Value"; Value = "470"; VariantName = "[No Variations]"
Added Component: Designator=R5(J1-0603)
Add component (AddParameter): Name = "ChipDip_Link"; Value = ""; VariantName = "[No Variations]"
Add component (AddParameter): Name = "HelpURL"; Value = ""; VariantName = "[No Variations]"
Add component (AddParameter): Name = "Instructions"; Value = ""; VariantName = "[No Variations]"
Add component (AddParameter): Name = "MF"; Value = "Yageo or NXP"; VariantName = "[No Variations]"
Add component (AddParameter): Name = "MP"; Value = "RC0603FR-101KL"; VariantName = "[No Variations]"
Add component (AddParameter): Name = "Pacage Metric"; Value = "1608"; VariantName = "[No Variations]"
Add component (AddParameter): Name = "Package"; Value = "R0603"; VariantName = "[No Variations]"
Add component (AddParameter): Name = "SnapEDA_Link"; Value = "https://www.snapeda.com/parts/RC0603FR-101KL/Yageo/view-part/?ref=search&t=RC0603FR-07%201k"; VariantName = "[No Variations]"
Add component (AddParameter): Name = "System"; Value = ""; VariantName = "[No Variations]"
Add component (AddParameter): Name = "Type"; Value = "SMD"; VariantName = "[No Variations]"
Add component (AddParameter): Name = "Value"; Value = "470"; VariantName = "[No Variations]"
Added Component: Designator=R6(J1-0603)
Add component (AddParameter): Name = "ChipDip_Link"; Value = ""; VariantName = "[No Variations]"
Add component (AddParameter): Name = "HelpURL"; Value = ""; VariantName = "[No Variations]"
Add component (AddParameter): Name = "Instructions"; Value = ""; VariantName = "[No Variations]"
Add component (AddParameter): Name = "MF"; Value = "Yageo or NXP"; VariantName = "[No Variations]"
Add component (AddParameter): Name = "MP"; Value = "RC0603FR-101KL"; VariantName = "[No Variations]"
Add component (AddParameter): Name = "Pacage Metric"; Value = "1608"; VariantName = "[No Variations]"
Add component (AddParameter): Name = "Package"; Value = "R0603"; VariantName = "[No Variations]"
Add component (AddParameter): Name = "SnapEDA_Link"; Value = "https://www.snapeda.com/parts/RC0603FR-101KL/Yageo/view-part/?ref=search&t=RC0603FR-07%201k"; VariantName = "[No Variations]"
Add component (AddParameter): Name = "System"; Value = ""; VariantName = "[No Variations]"
Add component (AddParameter): Name = "Type"; Value = "SMD"; VariantName = "[No Variations]"
Add component (AddParameter): Name = "Value"; Value = "4.7k"; VariantName = "[No Variations]"
Added Component: Designator=STM32F103T8(*QFN50P600X600X100-37N)
Add component (AddParameter): Name = "ChipDip_Link"; Value = "https://www.chipdip.ru/product/stm32f103t8u6-2"; VariantName = "[No Variations]"
Add component (AddParameter): Name = "HelpURL"; Value = "http://www.st.com/stonline/products/literature/ds/13587.pdf"; VariantName = "[No Variations]"
Add component (AddParameter): Name = "Instructions"; Value = ""; VariantName = "[No Variations]"
Add component (AddParameter): Name = "MF"; Value = "STM"; VariantName = "[No Variations]"
Add component (AddParameter): Name = "MP"; Value = "STM32F103T8U6"; VariantName = "[No Variations]"
Add component (AddParameter): Name = "Pacage Metric"; Value = ""; VariantName = "[No Variations]"
Add component (AddParameter): Name = "Package"; Value = "VFQFPN-36"; VariantName = "[No Variations]"
Add component (AddParameter): Name = "SnapEDA_Link"; Value = "https://www.snapeda.com/parts/STM32F103T8U6TR/STMicroelectronics/view-part/?ref=search&t=STM32F103T8U6"; VariantName = "[No Variations]"
Add component (AddParameter): Name = "System"; Value = ""; VariantName = "[No Variations]"
Add component (AddParameter): Name = "Type"; Value = "SMD"; VariantName = "[No Variations]"
Add component (AddParameter): Name = "Value"; Value = ""; VariantName = "[No Variations]"
Added Component: Designator=SWD1(JST_BM04B-GHS-holes)
Add component (AddParameter): Name = "ChipDip_Link"; Value = ""; VariantName = "[No Variations]"
Add component (AddParameter): Name = "HelpURL"; Value = ""; VariantName = "[No Variations]"
Add component (AddParameter): Name = "Instructions"; Value = "Do not install"; VariantName = "[No Variations]"
Add component (AddParameter): Name = "MF"; Value = "JST Sales"; VariantName = "[No Variations]"
Add component (AddParameter): Name = "MP"; Value = "SM04B-GHS-TB(LF)(SN)"; VariantName = "[No Variations]"
Add component (AddParameter): Name = "Pacage Metric"; Value = ""; VariantName = "[No Variations]"
Add component (AddParameter): Name = "Package"; Value = "None"; VariantName = "[No Variations]"
Add component (AddParameter): Name = "SnapEDA_Link"; Value = "https://www.snapeda.com/parts/BM04B-GHS-TBT%28LF%29%28SN%29%28N%29/JST%20Sales%20America%20Inc./view-part/?ref=snap"; VariantName = "[No Variations]"
Add component (AddParameter): Name = "System"; Value = "Connector"; VariantName = "[No Variations]"
Add component (AddParameter): Name = "Type"; Value = "SMD"; VariantName = "[No Variations]"
Add component (AddParameter): Name = "Value"; Value = ""; VariantName = "[No Variations]"
Added Component: Designator=xtal_1(*OSC_CSTCE8M00G55-R0)
Add component (AddParameter): Name = "ChipDip_Link"; Value = "https://www.chipdip.ru/product1/8001783721"; VariantName = "[No Variations]"
Add component (AddParameter): Name = "HelpURL"; Value = "https://www.murata.com/en-eu/api/pdfdownloadapi?cate=&partno=CSTCE8M00G55-R0"; VariantName = "[No Variations]"
Add component (AddParameter): Name = "Instructions"; Value = ""; VariantName = "[No Variations]"
Add component (AddParameter): Name = "MF"; Value = "Murata"; VariantName = "[No Variations]"
Add component (AddParameter): Name = "MP"; Value = "CSTCE8M00G55-R0"; VariantName = "[No Variations]"
Add component (AddParameter): Name = "Pacage Metric"; Value = ""; VariantName = "[No Variations]"
Add component (AddParameter): Name = "Package"; Value = "SMD-3 Murata"; VariantName = "[No Variations]"
Add component (AddParameter): Name = "SnapEDA_Link"; Value = "https://www.snapeda.com/parts/CSTCE8M00G55-R0/Murata%20Electronics%20North%20America/view-part/?ref=snap"; VariantName = "[No Variations]"
Add component (AddParameter): Name = "System"; Value = ""; VariantName = "[No Variations]"
Add component (AddParameter): Name = "Type"; Value = "SMD"; VariantName = "[No Variations]"
Add component (AddParameter): Name = "Value"; Value = ""; VariantName = "[No Variations]"
Added Pin To Net: NetName=BOOT0 Pin=P3-2
Added Pin To Net: NetName=BOOT0 Pin=STM32F103T8-35
Added Net: Name=BOOT0
Added Pin To Net: NetName=GND Pin=C1-1
Added Pin To Net: NetName=GND Pin=C2-1
Added Pin To Net: NetName=GND Pin=C5-1
Added Pin To Net: NetName=GND Pin=C6-2
Added Pin To Net: NetName=GND Pin=C10-2
Added Pin To Net: NetName=GND Pin=C11-1
Added Pin To Net: NetName=GND Pin=D2-C
Added Pin To Net: NetName=GND Pin=P2-5
Added Pin To Net: NetName=GND Pin=P2-18
Added Pin To Net: NetName=GND Pin=P3-1
Added Pin To Net: NetName=GND Pin=P3-11
Added Pin To Net: NetName=GND Pin=R3-1
Added Pin To Net: NetName=GND Pin=STM32F103T8-5
Added Pin To Net: NetName=GND Pin=STM32F103T8-18
Added Pin To Net: NetName=GND Pin=STM32F103T8-26
Added Pin To Net: NetName=GND Pin=STM32F103T8-36
Added Pin To Net: NetName=GND Pin=STM32F103T8-36
Added Pin To Net: NetName=GND Pin=SWD1-4
Added Pin To Net: NetName=GND Pin=xtal_1-2
Added Net: Name=GND
Added Pin To Net: NetName=NetD1_A Pin=D1-A
Added Pin To Net: NetName=NetD1_A Pin=R4-1
Added Net: Name=NetD1_A
Added Pin To Net: NetName=NetD2_A Pin=D2-A
Added Pin To Net: NetName=NetD2_A Pin=R5-1
Added Net: Name=NetD2_A
Added Pin To Net: NetName=OSCIN Pin=P2-2
Added Pin To Net: NetName=OSCIN Pin=R1-2
Added Pin To Net: NetName=OSCIN Pin=STM32F103T8-2
Added Pin To Net: NetName=OSCIN Pin=xtal_1-1
Added Net: Name=OSCIN
Added Pin To Net: NetName=OSCOUT Pin=P2-3
Added Pin To Net: NetName=OSCOUT Pin=R1-1
Added Pin To Net: NetName=OSCOUT Pin=STM32F103T8-3
Added Pin To Net: NetName=OSCOUT Pin=xtal_1-3
Added Net: Name=OSCOUT
Added Pin To Net: NetName=PA0 Pin=P2-7
Added Pin To Net: NetName=PA0 Pin=STM32F103T8-7
Added Net: Name=PA0
Added Pin To Net: NetName=PA1 Pin=P2-8
Added Pin To Net: NetName=PA1 Pin=STM32F103T8-8
Added Net: Name=PA1
Added Pin To Net: NetName=PA2 Pin=P2-9
Added Pin To Net: NetName=PA2 Pin=STM32F103T8-9
Added Net: Name=PA2
Added Pin To Net: NetName=PA3 Pin=P2-10
Added Pin To Net: NetName=PA3 Pin=STM32F103T8-10
Added Net: Name=PA3
Added Pin To Net: NetName=PA4 Pin=P2-11
Added Pin To Net: NetName=PA4 Pin=STM32F103T8-11
Added Net: Name=PA4
Added Pin To Net: NetName=PA5 Pin=P2-12
Added Pin To Net: NetName=PA5 Pin=STM32F103T8-12
Added Net: Name=PA5
Added Pin To Net: NetName=PA6 Pin=P2-13
Added Pin To Net: NetName=PA6 Pin=STM32F103T8-13
Added Net: Name=PA6
Added Pin To Net: NetName=PA7 Pin=P2-14
Added Pin To Net: NetName=PA7 Pin=STM32F103T8-14
Added Net: Name=PA7
Added Pin To Net: NetName=PA8 Pin=P3-17
Added Pin To Net: NetName=PA8 Pin=STM32F103T8-20
Added Net: Name=PA8
Added Pin To Net: NetName=PA9 Pin=P3-16
Added Pin To Net: NetName=PA9 Pin=STM32F103T8-21
Added Net: Name=PA9
Added Pin To Net: NetName=PA10 Pin=P3-15
Added Pin To Net: NetName=PA10 Pin=STM32F103T8-22
Added Net: Name=PA10
Added Pin To Net: NetName=PA11 Pin=P3-14
Added Pin To Net: NetName=PA11 Pin=STM32F103T8-23
Added Net: Name=PA11
Added Pin To Net: NetName=PA12 Pin=D1-C
Added Pin To Net: NetName=PA12 Pin=P3-13
Added Pin To Net: NetName=PA12 Pin=STM32F103T8-24
Added Net: Name=PA12
Added Pin To Net: NetName=PA15 Pin=P3-8
Added Pin To Net: NetName=PA15 Pin=STM32F103T8-29
Added Net: Name=PA15
Added Pin To Net: NetName=PB0 Pin=P2-15
Added Pin To Net: NetName=PB0 Pin=STM32F103T8-15
Added Net: Name=PB0
Added Pin To Net: NetName=PB1 Pin=P2-16
Added Pin To Net: NetName=PB1 Pin=STM32F103T8-16
Added Net: Name=PB1
Added Pin To Net: NetName=PB2 Pin=P2-17
Added Pin To Net: NetName=PB2 Pin=STM32F103T8-17
Added Net: Name=PB2
Added Pin To Net: NetName=PB3 Pin=P3-7
Added Pin To Net: NetName=PB3 Pin=STM32F103T8-30
Added Net: Name=PB3
Added Pin To Net: NetName=PB4 Pin=P3-6
Added Pin To Net: NetName=PB4 Pin=STM32F103T8-31
Added Net: Name=PB4
Added Pin To Net: NetName=PB5 Pin=P3-5
Added Pin To Net: NetName=PB5 Pin=STM32F103T8-32
Added Net: Name=PB5
Added Pin To Net: NetName=PB6 Pin=P3-4
Added Pin To Net: NetName=PB6 Pin=STM32F103T8-33
Added Net: Name=PB6
Added Pin To Net: NetName=PB7 Pin=P3-3
Added Pin To Net: NetName=PB7 Pin=STM32F103T8-34
Added Net: Name=PB7
Added Pin To Net: NetName=RESET Pin=C6-1
Added Pin To Net: NetName=RESET Pin=P2-4
Added Pin To Net: NetName=RESET Pin=R2-2
Added Pin To Net: NetName=RESET Pin=STM32F103T8-4
Added Net: Name=RESET
Added Pin To Net: NetName=SWCLK Pin=P3-9
Added Pin To Net: NetName=SWCLK Pin=R3-2
Added Pin To Net: NetName=SWCLK Pin=STM32F103T8-28
Added Pin To Net: NetName=SWCLK Pin=SWD1-3
Added Net: Name=SWCLK
Added Pin To Net: NetName=SWDIO Pin=P3-12
Added Pin To Net: NetName=SWDIO Pin=R6-2
Added Pin To Net: NetName=SWDIO Pin=STM32F103T8-25
Added Pin To Net: NetName=SWDIO Pin=SWD1-2
Added Net: Name=SWDIO
Added Pin To Net: NetName=VCC3V3 Pin=C1-2
Added Pin To Net: NetName=VCC3V3 Pin=C2-2
Added Pin To Net: NetName=VCC3V3 Pin=C5-2
Added Pin To Net: NetName=VCC3V3 Pin=C10-1
Added Pin To Net: NetName=VCC3V3 Pin=C11-2
Added Pin To Net: NetName=VCC3V3 Pin=P2-1
Added Pin To Net: NetName=VCC3V3 Pin=P2-6
Added Pin To Net: NetName=VCC3V3 Pin=P3-10
Added Pin To Net: NetName=VCC3V3 Pin=P3-18
Added Pin To Net: NetName=VCC3V3 Pin=R2-1
Added Pin To Net: NetName=VCC3V3 Pin=R4-2
Added Pin To Net: NetName=VCC3V3 Pin=R5-2
Added Pin To Net: NetName=VCC3V3 Pin=R6-1
Added Pin To Net: NetName=VCC3V3 Pin=STM32F103T8-1
Added Pin To Net: NetName=VCC3V3 Pin=STM32F103T8-6
Added Pin To Net: NetName=VCC3V3 Pin=STM32F103T8-19
Added Pin To Net: NetName=VCC3V3 Pin=STM32F103T8-27
Added Pin To Net: NetName=VCC3V3 Pin=SWD1-1
Added Net: Name=VCC3V3
Added Class: Name=STM32_BareBones
Added Room: Name=STM32_BareBones
